#
# A fatal error has been detected by the Java Runtime Environment:
#
#  SIGSEGV (0xb) at pc=0x000000011089c67a, pid=2508, tid=0x0000000000001b03
#
# JRE version: OpenJDK Runtime Environment (8.0_242) (build 1.8.0_242-release-1644-b3-6222593)
# Java VM: OpenJDK 64-Bit Server VM (25.242-b3-6222593 mixed mode bsd-amd64 compressed oops)
# Problematic frame:
# V  [libjvm.dylib+0x49c67a]
#
# Failed to write core dump. Core dumps have been disabled. To enable core dumping, try "ulimit -c unlimited" before starting Java again
#
# If you would like to submit a bug report, please visit:
#   http://bugreport.java.com/bugreport/crash.jsp
#

---------------  T H R E A D  ---------------

Current thread (0x00007fc11f00d000):  GCTaskThread [stack: 0x000070000903a000,0x000070000913a000] [id=6915]

siginfo: si_signo: 11 (SIGSEGV), si_code: 1 (SEGV_MAPERR), si_addr: 0x00000008eaa1cd3e

Registers:
RAX=0x0000000110c21f01, RBX=0x00000007eef313f5, RCX=0x0000000000000000, RDX=0x0000000110c112d8
RSP=0x0000700009139ca0, RBP=0x0000700009139d10, RSI=0x00000007eca14a28, RDI=0x00000008eaa1cd36
R8 =0x0000000000000000, R9 =0x0000000000000002, R10=0x00007fc11ee09838, R11=0x000000000251c9d8
R12=0x0000000110c21ffb, R13=0xfa1cd44f0043f168, R14=0x00007fc12082d1c0, R15=0x00000007eca14a28
RIP=0x000000011089c67a, EFLAGS=0x0000000000010206, ERR=0x0000000000000004
  TRAPNO=0x000000000000000e

Top of Stack: (sp=0x0000700009139ca0)
0x0000700009139ca0:   0000700009139d28 00000007eef2e8d0
0x0000700009139cb0:   0000000000001000 00000007d8fe7918
0x0000700009139cc0:   0000000000000400 00000007eca0e722
0x0000700009139cd0:   00007fc12082d1e8 0000000000000025
0x0000700009139ce0:   0000000000000002 00000007eef313f5
0x0000700009139cf0:   0000000110c21ffb 00007fc12082d1c0
0x0000700009139d00:   00000007eef313f4 0000000110c112c8
0x0000700009139d10:   0000700009139d40 0000000110899f8a
0x0000700009139d20:   00000007eef313f5 0000000110c268a0
0x0000700009139d30:   00007fc12082d220 00007fc12082d258
0x0000700009139d40:   0000700009139da0 0000000110899e19
0x0000700009139d50:   0000700009139da0 00000001106a7db4
0x0000700009139d60:   00000007f091aeb0 00000007eef313f5
0x0000700009139d70:   00000007d094b01c 0000000000000240
0x0000700009139d80:   00000007d094b200 0000000111678a81
0x0000700009139d90:   00000007d094b240 0000000111678a59
0x0000700009139da0:   0000700009139e50 000000011053d1bd
0x0000700009139db0:   0000000000000000 0000000111678a80
0x0000700009139dc0:   0000000111678a01 0000000111678a80
0x0000700009139dd0:   0000000111678a00 0000000000000200
0x0000700009139de0:   00000001116bbf2c 00000007d8fe5918
0x0000700009139df0:   0000000000000000 00007fc12082d1c0
0x0000700009139e00:   00000007d0947408 00000007d0950010
0x0000700009139e10:   00000001116bbf2d 00007fc11ee09420
0x0000700009139e20:   00007fc11ee096a0 00007fc11ed07e40
0x0000700009139e30:   00007fc11ed07e40 00000001109cf89a
0x0000700009139e40:   00007fc12082d1c0 0000000000000001
0x0000700009139e50:   0000700009139e80 000000011089d56d
0x0000700009139e60:   00007fc100000004 00007fc12778f830
0x0000700009139e70:   00007fc11f00d000 0000000000000000
0x0000700009139e80:   0000700009139f60 000000011065a011
0x0000700009139e90:   0000000110c22100 00007fc11f00d000 

Instructions: (pc=0x000000011089c67a)
0x000000011089c65a:   8a 00 84 c0 74 16 41 8b 7f 08 48 8d 15 6d 4c 37
0x000000011089c66a:   00 8a 4a 08 48 d3 e7 48 03 3a eb 04 49 8b 7f 08
0x000000011089c67a:   44 8b 67 08 45 85 e4 7e 0c 41 f6 c4 01 75 0b 41
0x000000011089c68a:   c1 ec 03 eb 4c 45 85 e4 78 11 48 8b 07 4c 89 fe 

Register to memory mapping:

RAX=0x0000000110c21f01: G1RSetRegionEntries+0x1 in /Applications/Android Studio.app/Contents/jre/jdk/Contents/Home/jre/lib/server/libjvm.dylib at 0x0000000110400000
RBX=0x00000007eef313f5 is an unknown value
RCX=0x0000000000000000 is an unknown value
RDX=0x0000000110c112d8: _ZN8Universe13_narrow_klassE+0 in /Applications/Android Studio.app/Contents/jre/jdk/Contents/Home/jre/lib/server/libjvm.dylib at 0x0000000110400000
RSP=0x0000700009139ca0 is an unknown value
RBP=0x0000700009139d10 is an unknown value
RSI=0x00000007eca14a28 is an oop

[error occurred during error reporting (printing register info), id 0xb]

Stack: [0x000070000903a000,0x000070000913a000],  sp=0x0000700009139ca0,  free space=1023k
Native frames: (J=compiled Java code, j=interpreted, Vv=VM code, C=native code)
V  [libjvm.dylib+0x49c67a]
V  [libjvm.dylib+0x499f8a]
V  [libjvm.dylib+0x499e19]
V  [libjvm.dylib+0x13d1bd]
V  [libjvm.dylib+0x49d56d]
V  [libjvm.dylib+0x25a011]
V  [libjvm.dylib+0x45b9eb]
C  [libsystem_pthread.dylib+0x6109]  _pthread_start+0x94
C  [libsystem_pthread.dylib+0x1b8b]  thread_start+0xf


---------------  P R O C E S S  ---------------

Java Threads: ( => current thread )
  0x00007fc12872c800 JavaThread "WorkerExecutor Queue Thread 2" [_thread_blocked, id=40491, stack(0x000070000bcc1000,0x000070000bdc1000)]
  0x00007fc120ada000 JavaThread "WorkerExecutor Queue" [_thread_blocked, id=31767, stack(0x000070000c5dc000,0x000070000c6dc000)]
  0x00007fc124a19800 JavaThread "Cache worker for Java compile cache (/Users/songtao/src/AndroidStudioProject/mylib/.gradle/6.1.1/javaCompile)" [_thread_blocked, id=32279, stack(0x000070000c3d6000,0x000070000c4d6000)]
  0x00007fc12928b000 JavaThread "Cache worker for execution history cache (/Users/songtao/src/AndroidStudioProject/mylib/.gradle/6.1.1/executionHistory)" [_thread_blocked, id=36639, stack(0x000070000babb000,0x000070000bbbb000)]
  0x00007fc129391800 JavaThread "Execution worker for ':' Thread 3" [_thread_blocked, id=25883, stack(0x000070000b9b8000,0x000070000bab8000)]
  0x00007fc124d70800 JavaThread "Execution worker for ':' Thread 2" [_thread_blocked, id=37923, stack(0x000070000b8b5000,0x000070000b9b5000)]
  0x00007fc11fcd8800 JavaThread "Execution worker for ':'" [_thread_blocked, id=36891, stack(0x000070000b7b2000,0x000070000b8b2000)]
  0x00007fc12577d800 JavaThread "Cache worker for file content cache (/Users/songtao/src/AndroidStudioProject/mylib/.gradle/6.1.1/fileContent)" [_thread_blocked, id=38171, stack(0x000070000b6af000,0x000070000b7af000)]
  0x00007fc12544d800 JavaThread "Cache worker for Build Output Cleanup Cache (/Users/songtao/src/AndroidStudioProject/mylib/.gradle/buildOutputCleanup)" [_thread_blocked, id=16159, stack(0x000070000b3a6000,0x000070000b4a6000)]
  0x00007fc127a6e800 JavaThread "Build operations Thread 4" [_thread_blocked, id=38947, stack(0x000070000b2a3000,0x000070000b3a3000)]
  0x00007fc12056e800 JavaThread "Build operations Thread 3" [_thread_blocked, id=29727, stack(0x000070000b1a0000,0x000070000b2a0000)]
  0x00007fc12075f800 JavaThread "Build operations Thread 2" [_thread_blocked, id=30507, stack(0x000070000b09d000,0x000070000b19d000)]
  0x00007fc127b5d800 JavaThread "Build operations" [_thread_blocked, id=31259, stack(0x000070000af9a000,0x000070000b09a000)]
  0x00007fc120797800 JavaThread "Cache worker for cache directory md-rule (/Users/songtao/.gradle/caches/6.1.1/md-rule)" [_thread_blocked, id=22563, stack(0x000070000ad94000,0x000070000ae94000)]
  0x00007fc129677800 JavaThread "Cache worker for cache directory md-supplier (/Users/songtao/.gradle/caches/6.1.1/md-supplier)" [_thread_blocked, id=19751, stack(0x000070000ac91000,0x000070000ad91000)]
  0x00007fc126362800 JavaThread "Cache worker for file hash cache (/Users/songtao/src/AndroidStudioProject/mylib/.gradle/6.1.1/fileHashes)" [_thread_blocked, id=42523, stack(0x000070000ab8e000,0x000070000ac8e000)]
  0x00007fc127c85800 JavaThread "Cache worker for checksums cache (/Users/songtao/src/AndroidStudioProject/mylib/.gradle/checksums)" [_thread_blocked, id=35359, stack(0x000070000aa8b000,0x000070000ab8b000)]
  0x00007fc12671b800 JavaThread "Thread-174" [_thread_blocked, id=35111, stack(0x000070000a67f000,0x000070000a77f000)]
  0x00007fc12052d800 JavaThread "Stdin handler" [_thread_blocked, id=28711, stack(0x000070000a57c000,0x000070000a67c000)]
  0x00007fc128137800 JavaThread "Asynchronous log dispatcher for DefaultDaemonConnection: socket connection from /127.0.0.1:65008 to /127.0.0.1:49966" [_thread_blocked, id=37151, stack(0x000070000a479000,0x000070000a579000)]
  0x00007fc127583800 JavaThread "Cancel handler" [_thread_blocked, id=41511, stack(0x000070000a273000,0x000070000a373000)]
  0x00007fc124f53800 JavaThread "Handler for socket connection from /127.0.0.1:65008 to /127.0.0.1:49966" [_thread_in_native, id=15395, stack(0x000070000a06d000,0x000070000a16d000)]
  0x00007fc11fdbf800 JavaThread "RMI TCP Connection(36)-127.0.0.1" daemon [_thread_in_native, id=38687, stack(0x000070000c8e5000,0x000070000c9e5000)]
  0x00007fc129283800 JavaThread "RMI TCP Connection(34)-127.0.0.1" daemon [_thread_in_native, id=26139, stack(0x000070000c6df000,0x000070000c7df000)]
  0x00007fc124d7b800 JavaThread "Cache worker for Java compile cache (/Users/songtao/.gradle/caches/6.1.1/javaCompile)" [_thread_blocked, id=33039, stack(0x000070000c2d3000,0x000070000c3d3000)]
  0x00007fc124eba800 JavaThread "RMI TCP Connection(37)-127.0.0.1" daemon [_thread_in_native, id=37663, stack(0x000070000c4d9000,0x000070000c5d9000)]
  0x00007fc11fee9800 JavaThread "RMI TCP Connection(39)-127.0.0.1" daemon [_thread_in_native, id=31503, stack(0x000070000c1d0000,0x000070000c2d0000)]
  0x00007fc11fee9000 JavaThread "RMI TCP Connection(38)-127.0.0.1" daemon [_thread_in_native, id=34319, stack(0x000070000c0cd000,0x000070000c1cd000)]
  0x00007fc11ff93800 JavaThread "Daemon worker Thread 5" [_thread_blocked, id=24855, stack(0x000070000a376000,0x000070000a476000)]
  0x00007fc120bf4000 JavaThread "Daemon Thread 5" [_thread_blocked, id=25115, stack(0x0000700009f6a000,0x000070000a06a000)]
  0x00007fc123a8b000 JavaThread "RMI Reaper" [_thread_blocked, id=27911, stack(0x000070000bfca000,0x000070000c0ca000)]
  0x00007fc122f63000 JavaThread "RMI TCP Accept-0" daemon [_thread_in_native, id=27399, stack(0x000070000bec7000,0x000070000bfc7000)]
  0x00007fc12813d800 JavaThread "GC Daemon" daemon [_thread_blocked, id=30991, stack(0x000070000bdc4000,0x000070000bec4000)]
  0x00007fc120bcb000 JavaThread "RMI Scheduler(0)" daemon [_thread_blocked, id=39687, stack(0x000070000bbbe000,0x000070000bcbe000)]
  0x00007fc125cb9000 JavaThread "Cache worker for file content cache (/Users/songtao/.gradle/caches/6.1.1/fileContent)" [_thread_blocked, id=39171, stack(0x000070000b5ac000,0x000070000b6ac000)]
  0x00007fc1259cb800 JavaThread "Memory manager" [_thread_blocked, id=26883, stack(0x000070000b4a9000,0x000070000b5a9000)]
  0x00007fc12091b000 JavaThread "Cache worker for execution history cache (/Users/songtao/.gradle/caches/6.1.1/executionHistory)" [_thread_blocked, id=40707, stack(0x000070000ae97000,0x000070000af97000)]
  0x00007fc120566000 JavaThread "Cache worker for file hash cache (/Users/songtao/.gradle/caches/6.1.1/fileHashes)" [_thread_blocked, id=24067, stack(0x000070000a988000,0x000070000aa88000)]
  0x00007fc120563000 JavaThread "File lock request listener" [_thread_in_native, id=42243, stack(0x000070000a885000,0x000070000a985000)]
  0x00007fc11fca5800 JavaThread "Cache worker for journal cache (/Users/songtao/.gradle/caches/journal-1)" [_thread_blocked, id=23299, stack(0x000070000a782000,0x000070000a882000)]
  0x00007fc120d4d000 JavaThread "Daemon periodic checks" [_thread_blocked, id=15619, stack(0x000070000a170000,0x000070000a270000)]
  0x00007fc11f511000 JavaThread "Incoming local TCP Connector on port 65008" [_thread_in_native, id=14595, stack(0x0000700009e67000,0x0000700009f67000)]
  0x00007fc120c44000 JavaThread "Daemon health stats" [_thread_blocked, id=16899, stack(0x0000700009d64000,0x0000700009e64000)]
  0x00007fc11f061800 JavaThread "Service Thread" daemon [_thread_blocked, id=13827, stack(0x0000700009b5e000,0x0000700009c5e000)]
  0x00007fc12083d000 JavaThread "C1 CompilerThread2" daemon [_thread_blocked, id=13571, stack(0x0000700009a5b000,0x0000700009b5b000)]
  0x00007fc120014000 JavaThread "C2 CompilerThread1" daemon [_thread_in_native, id=17667, stack(0x0000700009958000,0x0000700009a58000)]
  0x00007fc120012000 JavaThread "C2 CompilerThread0" daemon [_thread_in_native, id=17923, stack(0x0000700009855000,0x0000700009955000)]
  0x00007fc12000c800 JavaThread "Signal Dispatcher" daemon [_thread_blocked, id=18435, stack(0x0000700009752000,0x0000700009852000)]
  0x00007fc120831000 JavaThread "Finalizer" daemon [_thread_blocked, id=20995, stack(0x0000700009549000,0x0000700009649000)]
  0x00007fc12082e800 JavaThread "Reference Handler" daemon [_thread_blocked, id=11267, stack(0x0000700009446000,0x0000700009546000)]
  0x00007fc11f80b000 JavaThread "main" [_thread_blocked, id=3843, stack(0x0000700008e34000,0x0000700008f34000)]

Other Threads:
  0x00007fc12082e000 VMThread [stack: 0x0000700009343000,0x0000700009443000] [id=21507]
  0x00007fc11f84b000 WatcherThread [stack: 0x0000700009c61000,0x0000700009d61000] [id=17155]

=>0x00007fc11f00d000 (exited) GCTaskThread [stack: 0x000070000903a000,0x000070000913a000] [id=6915]

VM state:at safepoint (normal execution)

VM Mutex/Monitor currently owned by a thread:  ([mutex/lock_event])
[0x00007fc11ee06b50] Threads_lock - owner thread: 0x00007fc12082e000
[0x00007fc11ee07050] Heap_lock - owner thread: 0x00007fc124d70800

heap address: 0x00000007d0800000, size: 512 MB, Compressed Oops mode: Zero based, Oop shift amount: 3
Narrow klass base: 0x00000007f0800000, Narrow klass shift: 0
Compressed class space size: 1073741824 Address: 0x00000007f0800000

Heap:
 PSYoungGen      total 112640K, used 112432K [0x00000007e5d80000, 0x00000007f0800000, 0x00000007f0800000)
  eden space 73216K, 100% used [0x00000007e5d80000,0x00000007ea500000,0x00000007ea500000)
  from space 39424K, 99% used [0x00000007ea500000,0x00000007ecb4c010,0x00000007ecb80000)
  to   space 54784K, 63% used [0x00000007ed280000,0x00000007ef4728e0,0x00000007f0800000)
 ParOldGen       total 349696K, used 144694K [0x00000007d0800000, 0x00000007e5d80000, 0x00000007e5d80000)
  object space 349696K, 41% used [0x00000007d0800000,0x00000007d954d958,0x00000007e5d80000)
 Metaspace       used 100771K, capacity 109222K, committed 109464K, reserved 1144832K
  class space    used 13053K, capacity 14653K, committed 14760K, reserved 1048576K

Card table byte_map: [0x0000000111678000,0x0000000111779000] byte_map_base: 0x000000010d7f4000

Marking Bits: (ParMarkBitMap*) 0x0000000110c273f8
 Begin Bits: [0x0000000111824000, 0x0000000112024000)
 End Bits:   [0x0000000112024000, 0x0000000112824000)

Polling page: 0x000000010fb5a000

CodeCache: size=245760Kb used=67286Kb max_used=68867Kb free=178473Kb
 bounds [0x00000001167d6000, 0x000000011ab86000, 0x00000001257d6000]
 total_blobs=22864 nmethods=21990 adapters=783
 compilation: enabled

Compilation events (10 events):
Event: 1387.654 Thread 0x00007fc12083d000 28040       2       com.android.tools.r8.code.o0::<init> (8 bytes)
Event: 1387.655 Thread 0x00007fc12083d000 nmethod 28040 0x0000000119c78fd0 code [0x0000000119c79140, 0x0000000119c792a8]
Event: 1387.669 Thread 0x00007fc120012000 nmethod 28022% 0x000000011a3cf310 code [0x000000011a3cf620, 0x000000011a3d13f0]
Event: 1387.670 Thread 0x00007fc120012000 28028 %     4       com.android.tools.r8.ir.optimize.Z::a @ 369 (425 bytes)
Event: 1387.684 Thread 0x00007fc120012000 nmethod 28028% 0x000000011aa38d90 code [0x000000011aa38f40, 0x000000011aa39368]
Event: 1387.685 Thread 0x00007fc120012000 28033       4       com.android.tools.r8.ir.optimize.Z::a (406 bytes)
Event: 1387.732 Thread 0x00007fc12083d000 28043       2       com.android.tools.r8.u.b.e1::c (10 bytes)
Event: 1387.733 Thread 0x00007fc12083d000 nmethod 28043 0x0000000119c78b90 code [0x0000000119c78d00, 0x0000000119c78ee8]
Event: 1387.744 Thread 0x00007fc12083d000 28045       1       com.android.tools.r8.u.b.V0::B2 (3 bytes)
Event: 1387.744 Thread 0x00007fc12083d000 nmethod 28045 0x00000001189790d0 code [0x0000000118979220, 0x0000000118979330]

GC Heap History (10 events):
Event: 1361.976 GC heap after
Heap after GC invocations=98 (full 5):
 PSYoungGen      total 125952K, used 10545K [0x00000007e5d80000, 0x00000007f0400000, 0x00000007f0800000)
  eden space 83968K, 0% used [0x00000007e5d80000,0x00000007e5d80000,0x00000007eaf80000)
  from space 41984K, 25% used [0x00000007eaf80000,0x00000007eb9cc5f0,0x00000007ed880000)
  to   space 40448K, 0% used [0x00000007edc80000,0x00000007edc80000,0x00000007f0400000)
 ParOldGen       total 349696K, used 127436K [0x00000007d0800000, 0x00000007e5d80000, 0x00000007e5d80000)
  object space 349696K, 36% used [0x00000007d0800000,0x00000007d8473390,0x00000007e5d80000)
 Metaspace       used 100179K, capacity 108232K, committed 108568K, reserved 1142784K
  class space    used 12989K, capacity 14534K, committed 14632K, reserved 1048576K
}
Event: 1363.223 GC heap before
{Heap before GC invocations=99 (full 5):
 PSYoungGen      total 125952K, used 94513K [0x00000007e5d80000, 0x00000007f0400000, 0x00000007f0800000)
  eden space 83968K, 100% used [0x00000007e5d80000,0x00000007eaf80000,0x00000007eaf80000)
  from space 41984K, 25% used [0x00000007eaf80000,0x00000007eb9cc5f0,0x00000007ed880000)
  to   space 40448K, 0% used [0x00000007edc80000,0x00000007edc80000,0x00000007f0400000)
 ParOldGen       total 349696K, used 127436K [0x00000007d0800000, 0x00000007e5d80000, 0x00000007e5d80000)
  object space 349696K, 36% used [0x00000007d0800000,0x00000007d8473390,0x00000007e5d80000)
 Metaspace       used 100215K, capacity 108296K, committed 108568K, reserved 1142784K
  class space    used 12989K, capacity 14534K, committed 14632K, reserved 1048576K
Event: 1363.243 GC heap after
Heap after GC invocations=99 (full 5):
 PSYoungGen      total 130048K, used 15812K [0x00000007e5d80000, 0x00000007f0180000, 0x00000007f0800000)
  eden space 92160K, 0% used [0x00000007e5d80000,0x00000007e5d80000,0x00000007eb780000)
  from space 37888K, 41% used [0x00000007edc80000,0x00000007eebf1028,0x00000007f0180000)
  to   space 37888K, 0% used [0x00000007eb780000,0x00000007eb780000,0x00000007edc80000)
 ParOldGen       total 349696K, used 127436K [0x00000007d0800000, 0x00000007e5d80000, 0x00000007e5d80000)
  object space 349696K, 36% used [0x00000007d0800000,0x00000007d8473390,0x00000007e5d80000)
 Metaspace       used 100215K, capacity 108296K, committed 108568K, reserved 1142784K
  class space    used 12989K, capacity 14534K, committed 14632K, reserved 1048576K
}
Event: 1381.050 GC heap before
{Heap before GC invocations=100 (full 5):
 PSYoungGen      total 130048K, used 107972K [0x00000007e5d80000, 0x00000007f0180000, 0x00000007f0800000)
  eden space 92160K, 100% used [0x00000007e5d80000,0x00000007eb780000,0x00000007eb780000)
  from space 37888K, 41% used [0x00000007edc80000,0x00000007eebf1028,0x00000007f0180000)
  to   space 37888K, 0% used [0x00000007eb780000,0x00000007eb780000,0x00000007edc80000)
 ParOldGen       total 349696K, used 127436K [0x00000007d0800000, 0x00000007e5d80000, 0x00000007e5d80000)
  object space 349696K, 36% used [0x00000007d0800000,0x00000007d8473390,0x00000007e5d80000)
 Metaspace       used 100405K, capacity 108540K, committed 108824K, reserved 1142784K
  class space    used 12998K, capacity 14552K, committed 14632K, reserved 1048576K
Event: 1381.104 GC heap after
Heap after GC invocations=100 (full 5):
 PSYoungGen      total 130048K, used 30794K [0x00000007e5d80000, 0x00000007f0800000, 0x00000007f0800000)
  eden space 92160K, 0% used [0x00000007e5d80000,0x00000007e5d80000,0x00000007eb780000)
  from space 37888K, 81% used [0x00000007eb780000,0x00000007ed592828,0x00000007edc80000)
  to   space 41472K, 0% used [0x00000007edf80000,0x00000007edf80000,0x00000007f0800000)
 ParOldGen       total 349696K, used 127444K [0x00000007d0800000, 0x00000007e5d80000, 0x00000007e5d80000)
  object space 349696K, 36% used [0x00000007d0800000,0x00000007d8475390,0x00000007e5d80000)
 Metaspace       used 100405K, capacity 108540K, committed 108824K, reserved 1142784K
  class space    used 12998K, capacity 14552K, committed 14632K, reserved 1048576K
}
Event: 1382.787 GC heap before
{Heap before GC invocations=101 (full 5):
 PSYoungGen      total 130048K, used 122954K [0x00000007e5d80000, 0x00000007f0800000, 0x00000007f0800000)
  eden space 92160K, 100% used [0x00000007e5d80000,0x00000007eb780000,0x00000007eb780000)
  from space 37888K, 81% used [0x00000007eb780000,0x00000007ed592828,0x00000007edc80000)
  to   space 41472K, 0% used [0x00000007edf80000,0x00000007edf80000,0x00000007f0800000)
 ParOldGen       total 349696K, used 127444K [0x00000007d0800000, 0x00000007e5d80000, 0x00000007e5d80000)
  object space 349696K, 36% used [0x00000007d0800000,0x00000007d8475390,0x00000007e5d80000)
 Metaspace       used 100515K, capacity 108598K, committed 108824K, reserved 1142784K
  class space    used 13004K, capacity 14561K, committed 14632K, reserved 1048576K
Event: 1382.850 GC heap after
Heap after GC invocations=101 (full 5):
 PSYoungGen      total 114688K, used 41456K [0x00000007e5d80000, 0x00000007f0800000, 0x00000007f0800000)
  eden space 73216K, 0% used [0x00000007e5d80000,0x00000007e5d80000,0x00000007ea500000)
  from space 41472K, 99% used [0x00000007edf80000,0x00000007f07fc050,0x00000007f0800000)
  to   space 50688K, 0% used [0x00000007ea500000,0x00000007ea500000,0x00000007ed680000)
 ParOldGen       total 349696K, used 134471K [0x00000007d0800000, 0x00000007e5d80000, 0x00000007e5d80000)
  object space 349696K, 38% used [0x00000007d0800000,0x00000007d8b51f38,0x00000007e5d80000)
 Metaspace       used 100515K, capacity 108598K, committed 108824K, reserved 1142784K
  class space    used 13004K, capacity 14561K, committed 14632K, reserved 1048576K
}
Event: 1386.829 GC heap before
{Heap before GC invocations=102 (full 5):
 PSYoungGen      total 114688K, used 114672K [0x00000007e5d80000, 0x00000007f0800000, 0x00000007f0800000)
  eden space 73216K, 100% used [0x00000007e5d80000,0x00000007ea500000,0x00000007ea500000)
  from space 41472K, 99% used [0x00000007edf80000,0x00000007f07fc050,0x00000007f0800000)
  to   space 50688K, 0% used [0x00000007ea500000,0x00000007ea500000,0x00000007ed680000)
 ParOldGen       total 349696K, used 134471K [0x00000007d0800000, 0x00000007e5d80000, 0x00000007e5d80000)
  object space 349696K, 38% used [0x00000007d0800000,0x00000007d8b51f38,0x00000007e5d80000)
 Metaspace       used 100703K, capacity 108966K, committed 109080K, reserved 1144832K
  class space    used 13036K, capacity 14621K, committed 14632K, reserved 1048576K
Event: 1386.891 GC heap after
Heap after GC invocations=102 (full 5):
 PSYoungGen      total 112640K, used 39216K [0x00000007e5d80000, 0x00000007f0800000, 0x00000007f0800000)
  eden space 73216K, 0% used [0x00000007e5d80000,0x00000007e5d80000,0x00000007ea500000)
  from space 39424K, 99% used [0x00000007ea500000,0x00000007ecb4c010,0x00000007ecb80000)
  to   space 54784K, 0% used [0x00000007ed280000,0x00000007ed280000,0x00000007f0800000)
 ParOldGen       total 349696K, used 139158K [0x00000007d0800000, 0x00000007e5d80000, 0x00000007e5d80000)
  object space 349696K, 39% used [0x00000007d0800000,0x00000007d8fe5918,0x00000007e5d80000)
 Metaspace       used 100703K, capacity 108966K, committed 109080K, reserved 1144832K
  class space    used 13036K, capacity 14621K, committed 14632K, reserved 1048576K
}
Event: 1387.819 GC heap before
{Heap before GC invocations=103 (full 5):
 PSYoungGen      total 112640K, used 112432K [0x00000007e5d80000, 0x00000007f0800000, 0x00000007f0800000)
  eden space 73216K, 100% used [0x00000007e5d80000,0x00000007ea500000,0x00000007ea500000)
  from space 39424K, 99% used [0x00000007ea500000,0x00000007ecb4c010,0x00000007ecb80000)
  to   space 54784K, 0% used [0x00000007ed280000,0x00000007ed280000,0x00000007f0800000)
 ParOldGen       total 349696K, used 139158K [0x00000007d0800000, 0x00000007e5d80000, 0x00000007e5d80000)
  object space 349696K, 39% used [0x00000007d0800000,0x00000007d8fe5918,0x00000007e5d80000)
 Metaspace       used 100771K, capacity 109222K, committed 109464K, reserved 1144832K
  class space    used 13053K, capacity 14653K, committed 14760K, reserved 1048576K

Deoptimization events (10 events):
Event: 1360.125 Thread 0x00007fc12974e000 Uncommon trap: reason=unstable_if action=reinterpret pc=0x0000000116aef310 method=org.gradle.api.internal.tasks.compile.tooling.JavaCompileTaskSuccessResultPostProcessor.finished(Lorg/gradle/internal/operations/BuildOperationDescriptor;Lorg/gradle/interna
Event: 1360.157 Thread 0x00007fc11fa14000 Uncommon trap: reason=array_check action=maybe_recompile pc=0x0000000116d235e8 method=java.util.TimSort.mergeHi(IIII)V @ 250
Event: 1360.215 Thread 0x00007fc11fa14000 Uncommon trap: reason=unstable_if action=reinterpret pc=0x0000000118aed4f4 method=java.util.concurrent.locks.AbstractQueuedSynchronizer.doReleaseShared()V @ 69
Event: 1360.233 Thread 0x00007fc12974b800 Uncommon trap: reason=null_check action=make_not_entrant pc=0x0000000118b5505c method=com.google.common.collect.MapMakerInternalMap$Segment.reclaimKey(Lcom/google/common/collect/MapMakerInternalMap$InternalEntry;I)Z @ 35
Event: 1360.461 Thread 0x00007fc120797800 Uncommon trap: reason=unstable_if action=reinterpret pc=0x0000000116bb74e4 method=java.lang.String.regionMatches(ZILjava/lang/String;II)Z @ 123
Event: 1360.971 Thread 0x00007fc124d70800 Uncommon trap: reason=unstable_if action=reinterpret pc=0x000000011916bd44 method=java.lang.StringCoding$StringDecoder.decode([BII)[C @ 20
Event: 1361.313 Thread 0x00007fc125570800 Uncommon trap: reason=array_check action=maybe_recompile pc=0x0000000116d235e8 method=java.util.TimSort.mergeHi(IIII)V @ 250
Event: 1361.338 Thread 0x00007fc129677800 Uncommon trap: reason=unstable_if action=reinterpret pc=0x0000000117dc725c method=java.nio.DirectByteBuffer.put([BII)Ljava/nio/ByteBuffer; @ 8
Event: 1362.700 Thread 0x00007fc11ff93800 Uncommon trap: reason=array_check action=maybe_recompile pc=0x0000000116d7a6e8 method=java.util.TimSort.mergeLo(IIII)V @ 375
Event: 1379.013 Thread 0x00007fc11ff93800 Uncommon trap: reason=speculate_class_check action=maybe_recompile pc=0x0000000117889b60 method=java.util.AbstractCollection.isEmpty()Z @ 1

Classes redefined (0 events):
No events

Internal exceptions (10 events):
Event: 1386.706 Thread 0x00007fc11ff93800 Exception <a 'sun/nio/fs/UnixException'> (0x00000007e9ae2d50) thrown at [/Volumes/Android/buildbot/src/googleplex-android/openjdk/out/hotspot/src/share/vm/prims/jni.cpp, line 710]
Event: 1386.707 Thread 0x00007fc11ff93800 Exception <a 'sun/nio/fs/UnixException'> (0x00000007e9ae4610) thrown at [/Volumes/Android/buildbot/src/googleplex-android/openjdk/out/hotspot/src/share/vm/prims/jni.cpp, line 710]
Event: 1386.707 Thread 0x00007fc11ff93800 Exception <a 'sun/nio/fs/UnixException'> (0x00000007e9aebd48) thrown at [/Volumes/Android/buildbot/src/googleplex-android/openjdk/out/hotspot/src/share/vm/prims/jni.cpp, line 710]
Event: 1386.708 Thread 0x00007fc11ff93800 Exception <a 'sun/nio/fs/UnixException'> (0x00000007e9aed640) thrown at [/Volumes/Android/buildbot/src/googleplex-android/openjdk/out/hotspot/src/share/vm/prims/jni.cpp, line 710]
Event: 1386.708 Thread 0x00007fc11ff93800 Exception <a 'sun/nio/fs/UnixException'> (0x00000007e9aeef08) thrown at [/Volumes/Android/buildbot/src/googleplex-android/openjdk/out/hotspot/src/share/vm/prims/jni.cpp, line 710]
Event: 1386.708 Thread 0x00007fc11ff93800 Exception <a 'sun/nio/fs/UnixException'> (0x00000007e9af1930) thrown at [/Volumes/Android/buildbot/src/googleplex-android/openjdk/out/hotspot/src/share/vm/prims/jni.cpp, line 710]
Event: 1386.708 Thread 0x00007fc11ff93800 Exception <a 'sun/nio/fs/UnixException'> (0x00000007e9af3238) thrown at [/Volumes/Android/buildbot/src/googleplex-android/openjdk/out/hotspot/src/share/vm/prims/jni.cpp, line 710]
Event: 1386.708 Thread 0x00007fc11ff93800 Exception <a 'sun/nio/fs/UnixException'> (0x00000007e9af4b00) thrown at [/Volumes/Android/buildbot/src/googleplex-android/openjdk/out/hotspot/src/share/vm/prims/jni.cpp, line 710]
Event: 1387.037 Thread 0x00007fc12872c800 Exception <a 'sun/nio/fs/UnixException'> (0x00000007e69318d8) thrown at [/Volumes/Android/buildbot/src/googleplex-android/openjdk/out/hotspot/src/share/vm/prims/jni.cpp, line 710]
Event: 1387.037 Thread 0x00007fc12872c800 Exception <a 'sun/nio/fs/UnixException'> (0x00000007e6932208) thrown at [/Volumes/Android/buildbot/src/googleplex-android/openjdk/out/hotspot/src/share/vm/prims/jni.cpp, line 710]

Events (10 events):
Event: 1387.656 Thread 0x00007fc124d70800 DEOPT UNPACKING pc=0x000000011681d4c4 sp=0x000070000b9afd30 mode 0
Event: 1387.736 Thread 0x00007fc124d70800 DEOPT PACKING pc=0x000000011754a91e sp=0x000070000b9af9d0
Event: 1387.736 Thread 0x00007fc124d70800 DEOPT UNPACKING pc=0x000000011681d4c4 sp=0x000070000b9af880 mode 0
Event: 1387.791 Thread 0x00007fc124d70800 DEOPT PACKING pc=0x000000011789f6af sp=0x000070000b9aff20
Event: 1387.791 Thread 0x00007fc124d70800 DEOPT UNPACKING pc=0x000000011681d4c4 sp=0x000070000b9afd48 mode 0
Event: 1387.806 Thread 0x00007fc124d70800 DEOPT PACKING pc=0x000000011a4628f8 sp=0x000070000b9afd70
Event: 1387.806 Thread 0x00007fc124d70800 DEOPT UNPACKING pc=0x000000011681d4c4 sp=0x000070000b9afd20 mode 0
Event: 1387.806 Thread 0x00007fc124d70800 DEOPT PACKING pc=0x000000011754a91e sp=0x000070000b9af9a0
Event: 1387.806 Thread 0x00007fc124d70800 DEOPT UNPACKING pc=0x000000011681d4c4 sp=0x000070000b9af850 mode 0
Event: 1387.818 Executing VM operation: ParallelGCFailedAllocation


Dynamic libraries:
0x00007fff2d923000 	/System/Library/Frameworks/Cocoa.framework/Versions/A/Cocoa
0x00007fff3b142000 	/System/Library/Frameworks/Security.framework/Versions/A/Security
0x00007fff2c88a000 	/System/Library/Frameworks/ApplicationServices.framework/Versions/A/ApplicationServices
0x00007fff67e28000 	/usr/lib/libz.1.dylib
0x00007fff6585e000 	/usr/lib/libSystem.B.dylib
0x00007fff2e7d4000 	/System/Library/Frameworks/CoreFoundation.framework/Versions/A/CoreFoundation
0x00007fff30eb2000 	/System/Library/Frameworks/Foundation.framework/Versions/C/Foundation
0x00007fff67755000 	/usr/lib/libobjc.A.dylib
0x00007fff2ba7a000 	/System/Library/Frameworks/AppKit.framework/Versions/C/AppKit
0x00007fff2e2a7000 	/System/Library/Frameworks/CoreData.framework/Versions/A/CoreData
0x00007fff5f879000 	/System/Library/PrivateFrameworks/UIFoundation.framework/Versions/A/UIFoundation
0x00007fff5a91d000 	/System/Library/PrivateFrameworks/RemoteViewServices.framework/Versions/A/RemoteViewServices
0x00007fff623ce000 	/System/Library/PrivateFrameworks/XCTTargetBootstrap.framework/Versions/A/XCTTargetBootstrap
0x00007fff2e6a3000 	/System/Library/Frameworks/CoreDisplay.framework/Versions/A/CoreDisplay
0x00007fff33d6f000 	/System/Library/Frameworks/Metal.framework/Versions/A/Metal
0x00007fff48929000 	/System/Library/PrivateFrameworks/DesktopServicesPriv.framework/Versions/A/DesktopServicesPriv
0x00007fff66a30000 	/usr/lib/liblangid.dylib
0x00007fff47bc1000 	/System/Library/PrivateFrameworks/CoreSVG.framework/Versions/A/CoreSVG
0x00007fff5da76000 	/System/Library/PrivateFrameworks/SkyLight.framework/Versions/A/SkyLight
0x00007fff2ec56000 	/System/Library/Frameworks/CoreGraphics.framework/Versions/A/CoreGraphics
0x00007fff2a3e9000 	/System/Library/Frameworks/Accelerate.framework/Versions/A/Accelerate
0x00007fff67d19000 	/usr/lib/libxml2.2.dylib
0x00007fff538b6000 	/System/Library/PrivateFrameworks/IconServices.framework/Versions/A/IconServices
0x00007fff31691000 	/System/Library/Frameworks/IOSurface.framework/Versions/A/IOSurface
0x00007fff65388000 	/usr/lib/libDiagnosticMessagesClient.dylib
0x00007fff48783000 	/System/Library/PrivateFrameworks/DFRFoundation.framework/Versions/A/DFRFoundation
0x00007fff667bf000 	/usr/lib/libicucore.A.dylib
0x00007fff2cbbc000 	/System/Library/Frameworks/AudioToolbox.framework/Versions/A/AudioToolbox
0x00007fff2cc9f000 	/System/Library/Frameworks/AudioUnit.framework/Versions/A/AudioUnit
0x00007fff65af6000 	/usr/lib/libauto.dylib
0x00007fff48825000 	/System/Library/PrivateFrameworks/DataDetectorsCore.framework/Versions/A/DataDetectorsCore
0x00007fff2d444000 	/System/Library/Frameworks/Carbon.framework/Versions/A/Frameworks/HIToolbox.framework/Versions/A/HIToolbox
0x00007fff3a33f000 	/System/Library/Frameworks/QuartzCore.framework/Versions/A/QuartzCore
0x00007fff2d783000 	/System/Library/Frameworks/Carbon.framework/Versions/A/Frameworks/SpeechRecognition.framework/Versions/A/SpeechRecognition
0x00007fff4829a000 	/System/Library/PrivateFrameworks/CoreUI.framework/Versions/A/CoreUI
0x00007fff2dd12000 	/System/Library/Frameworks/CoreAudio.framework/Versions/A/CoreAudio
0x00007fff30b73000 	/System/Library/Frameworks/DiskArbitration.framework/Versions/A/DiskArbitration
0x00007fff55904000 	/System/Library/PrivateFrameworks/MultitouchSupport.framework/Versions/A/MultitouchSupport
0x00007fff66686000 	/usr/lib/libenergytrace.dylib
0x00007fff315eb000 	/System/Library/Frameworks/IOKit.framework/Versions/A/IOKit
0x00007fff2fbdf000 	/System/Library/Frameworks/CoreServices.framework/Versions/A/CoreServices
0x00007fff57ab3000 	/System/Library/PrivateFrameworks/PerformanceAnalysis.framework/Versions/A/PerformanceAnalysis
0x00007fff39372000 	/System/Library/Frameworks/OpenGL.framework/Versions/A/OpenGL
0x00007fff2d931000 	/System/Library/Frameworks/ColorSync.framework/Versions/A/ColorSync
0x00007fff2f2fb000 	/System/Library/Frameworks/CoreImage.framework/Versions/A/CoreImage
0x00007fff30652000 	/System/Library/Frameworks/CoreText.framework/Versions/A/CoreText
0x00007fff31721000 	/System/Library/Frameworks/ImageIO.framework/Versions/A/ImageIO
0x00007fff65bda000 	/usr/lib/libc++.1.dylib
0x00007fff65c56000 	/usr/lib/libcompression.dylib
0x00007fff656cc000 	/usr/lib/libMobileGestalt.dylib
0x00007fff5f5ee000 	/System/Library/PrivateFrameworks/TextureIO.framework/Versions/A/TextureIO
0x00007fff659c3000 	/usr/lib/libate.dylib
0x00007fff53abf000 	/System/Library/PrivateFrameworks/InternationalSupport.framework/Versions/A/InternationalSupport
0x00007fff686e8000 	/usr/lib/system/libcache.dylib
0x00007fff686ee000 	/usr/lib/system/libcommonCrypto.dylib
0x00007fff686fa000 	/usr/lib/system/libcompiler_rt.dylib
0x00007fff68702000 	/usr/lib/system/libcopyfile.dylib
0x00007fff6870c000 	/usr/lib/system/libcorecrypto.dylib
0x00007fff688ab000 	/usr/lib/system/libdispatch.dylib
0x00007fff688ec000 	/usr/lib/system/libdyld.dylib
0x00007fff68923000 	/usr/lib/system/libkeymgr.dylib
0x00007fff68931000 	/usr/lib/system/liblaunch.dylib
0x00007fff68932000 	/usr/lib/system/libmacho.dylib
0x00007fff68938000 	/usr/lib/system/libquarantine.dylib
0x00007fff6893b000 	/usr/lib/system/libremovefile.dylib
0x00007fff6893d000 	/usr/lib/system/libsystem_asl.dylib
0x00007fff68955000 	/usr/lib/system/libsystem_blocks.dylib
0x00007fff68956000 	/usr/lib/system/libsystem_c.dylib
0x00007fff689de000 	/usr/lib/system/libsystem_configuration.dylib
0x00007fff689e2000 	/usr/lib/system/libsystem_coreservices.dylib
0x00007fff689e6000 	/usr/lib/system/libsystem_darwin.dylib
0x00007fff689ef000 	/usr/lib/system/libsystem_dnssd.dylib
0x00007fff689f7000 	/usr/lib/system/libsystem_featureflags.dylib
0x00007fff689f9000 	/usr/lib/system/libsystem_info.dylib
0x00007fff68a74000 	/usr/lib/system/libsystem_m.dylib
0x00007fff68ac0000 	/usr/lib/system/libsystem_malloc.dylib
0x00007fff68ae8000 	/usr/lib/system/libsystem_networkextension.dylib
0x00007fff68af6000 	/usr/lib/system/libsystem_notify.dylib
0x00007fff68b14000 	/usr/lib/system/libsystem_sandbox.dylib
0x00007fff68b19000 	/usr/lib/system/libsystem_secinit.dylib
0x00007fff68a47000 	/usr/lib/system/libsystem_kernel.dylib
0x00007fff68b00000 	/usr/lib/system/libsystem_platform.dylib
0x00007fff68b09000 	/usr/lib/system/libsystem_pthread.dylib
0x00007fff68b1c000 	/usr/lib/system/libsystem_symptoms.dylib
0x00007fff68b24000 	/usr/lib/system/libsystem_trace.dylib
0x00007fff68b3c000 	/usr/lib/system/libunwind.dylib
0x00007fff68b42000 	/usr/lib/system/libxpc.dylib
0x00007fff65c2d000 	/usr/lib/libc++abi.dylib
0x00007fff66a32000 	/usr/lib/liblzma.5.dylib
0x00007fff666ad000 	/usr/lib/libfakelink.dylib
0x00007fff65950000 	/usr/lib/libarchive.2.dylib
0x00007fff3c1f3000 	/System/Library/Frameworks/SystemConfiguration.framework/Versions/A/SystemConfiguration
0x00007fff652bb000 	/usr/lib/libCRFSuite.dylib
0x00007fff2d035000 	/System/Library/Frameworks/CFNetwork.framework/Versions/A/CFNetwork
0x00007fff65bbc000 	/usr/lib/libbsm.0.dylib
0x00007fff68924000 	/usr/lib/system/libkxld.dylib
0x00007fff4210f000 	/System/Library/PrivateFrameworks/AppleFSCompression.framework/Versions/A/AppleFSCompression
0x00007fff65f48000 	/usr/lib/libcoretls.dylib
0x00007fff65f5f000 	/usr/lib/libcoretls_cfhelpers.dylib
0x00007fff6779a000 	/usr/lib/libpam.2.dylib
0x00007fff678cf000 	/usr/lib/libsqlite3.dylib
0x00007fff67d06000 	/usr/lib/libxar.1.dylib
0x00007fff65bcd000 	/usr/lib/libbz2.1.0.dylib
0x00007fff666ce000 	/usr/lib/libiconv.2.dylib
0x00007fff65c43000 	/usr/lib/libcharset.1.dylib
0x00007fff67238000 	/usr/lib/libnetwork.dylib
0x00007fff677a1000 	/usr/lib/libpcap.A.dylib
0x00007fff65905000 	/usr/lib/libapple_nghttp2.dylib
0x00007fff2ff96000 	/System/Library/Frameworks/CoreServices.framework/Versions/A/Frameworks/FSEvents.framework/Versions/A/FSEvents
0x00007fff2fc66000 	/System/Library/Frameworks/CoreServices.framework/Versions/A/Frameworks/CarbonCore.framework/Versions/A/CarbonCore
0x00007fff301da000 	/System/Library/Frameworks/CoreServices.framework/Versions/A/Frameworks/Metadata.framework/Versions/A/Metadata
0x00007fff30273000 	/System/Library/Frameworks/CoreServices.framework/Versions/A/Frameworks/OSServices.framework/Versions/A/OSServices
0x00007fff302a1000 	/System/Library/Frameworks/CoreServices.framework/Versions/A/Frameworks/SearchKit.framework/Versions/A/SearchKit
0x00007fff2fbe0000 	/System/Library/Frameworks/CoreServices.framework/Versions/A/Frameworks/AE.framework/Versions/A/AE
0x00007fff2ff9f000 	/System/Library/Frameworks/CoreServices.framework/Versions/A/Frameworks/LaunchServices.framework/Versions/A/LaunchServices
0x00007fff2ff48000 	/System/Library/Frameworks/CoreServices.framework/Versions/A/Frameworks/DictionaryServices.framework/Versions/A/DictionaryServices
0x00007fff30309000 	/System/Library/Frameworks/CoreServices.framework/Versions/A/Frameworks/SharedFileList.framework/Versions/A/SharedFileList
0x00007fff35192000 	/System/Library/Frameworks/NetFS.framework/Versions/A/NetFS
0x00007fff55e34000 	/System/Library/PrivateFrameworks/NetAuth.framework/Versions/A/NetAuth
0x00007fff6279b000 	/System/Library/PrivateFrameworks/login.framework/Versions/A/Frameworks/loginsupport.framework/Versions/A/loginsupport
0x00007fff5f0b9000 	/System/Library/PrivateFrameworks/TCC.framework/Versions/A/TCC
0x00007fff46d34000 	/System/Library/PrivateFrameworks/CoreNLP.framework/Versions/A/CoreNLP
0x00007fff55331000 	/System/Library/PrivateFrameworks/MetadataUtilities.framework/Versions/A/MetadataUtilities
0x00007fff66b0a000 	/usr/lib/libmecabra.dylib
0x00007fff66a62000 	/usr/lib/libmecab.dylib
0x00007fff666be000 	/usr/lib/libgermantok.dylib
0x00007fff658ec000 	/usr/lib/libThaiTokenizer.dylib
0x00007fff652f2000 	/usr/lib/libChineseTokenizer.dylib
0x00007fff2a402000 	/System/Library/Frameworks/Accelerate.framework/Versions/A/Frameworks/vImage.framework/Versions/A/vImage
0x00007fff2b8d0000 	/System/Library/Frameworks/Accelerate.framework/Versions/A/Frameworks/vecLib.framework/Versions/A/vecLib
0x00007fff2b751000 	/System/Library/Frameworks/Accelerate.framework/Versions/A/Frameworks/vecLib.framework/Versions/A/libvMisc.dylib
0x00007fff2b5be000 	/System/Library/Frameworks/Accelerate.framework/Versions/A/Frameworks/vecLib.framework/Versions/A/libvDSP.dylib
0x00007fff2ac9e000 	/System/Library/Frameworks/Accelerate.framework/Versions/A/Frameworks/vecLib.framework/Versions/A/libBLAS.dylib
0x00007fff2b176000 	/System/Library/Frameworks/Accelerate.framework/Versions/A/Frameworks/vecLib.framework/Versions/A/libLAPACK.dylib
0x00007fff2b51e000 	/System/Library/Frameworks/Accelerate.framework/Versions/A/Frameworks/vecLib.framework/Versions/A/libLinearAlgebra.dylib
0x00007fff2b5ab000 	/System/Library/Frameworks/Accelerate.framework/Versions/A/Frameworks/vecLib.framework/Versions/A/libSparseBLAS.dylib
0x00007fff2b534000 	/System/Library/Frameworks/Accelerate.framework/Versions/A/Frameworks/vecLib.framework/Versions/A/libQuadrature.dylib
0x00007fff2ae34000 	/System/Library/Frameworks/Accelerate.framework/Versions/A/Frameworks/vecLib.framework/Versions/A/libBNNS.dylib
0x00007fff2b53a000 	/System/Library/Frameworks/Accelerate.framework/Versions/A/Frameworks/vecLib.framework/Versions/A/libSparse.dylib
0x00007fff53ea7000 	/System/Library/PrivateFrameworks/LanguageModeling.framework/Versions/A/LanguageModeling
0x00007fff466e4000 	/System/Library/PrivateFrameworks/CoreEmoji.framework/Versions/A/CoreEmoji
0x00007fff53fc5000 	/System/Library/PrivateFrameworks/LinguisticData.framework/Versions/A/LinguisticData
0x00007fff53f76000 	/System/Library/PrivateFrameworks/Lexicon.framework/Versions/A/Lexicon
0x00007fff65c44000 	/usr/lib/libcmph.dylib
0x00007fff37d80000 	/System/Library/Frameworks/OpenDirectory.framework/Versions/A/Frameworks/CFOpenDirectory.framework/Versions/A/CFOpenDirectory
0x00007fff37d9d000 	/System/Library/Frameworks/OpenDirectory.framework/Versions/A/OpenDirectory
0x00007fff401c2000 	/System/Library/PrivateFrameworks/APFS.framework/Versions/A/APFS
0x00007fff3b48c000 	/System/Library/Frameworks/SecurityFoundation.framework/Versions/A/SecurityFoundation
0x00007fff67d02000 	/usr/lib/libutil.dylib
0x00007fff47c19000 	/System/Library/PrivateFrameworks/CoreServicesStore.framework/Versions/A/CoreServicesStore
0x00007fff3b543000 	/System/Library/Frameworks/ServiceManagement.framework/Versions/A/ServiceManagement
0x00007fff438de000 	/System/Library/PrivateFrameworks/BackgroundTaskManagement.framework/Versions/A/BackgroundTaskManagement
0x00007fff67dff000 	/usr/lib/libxslt.1.dylib
0x00007fff42782000 	/System/Library/PrivateFrameworks/AppleSystemInfo.framework/Versions/A/AppleSystemInfo
0x00007fff3193e000 	/System/Library/Frameworks/ImageIO.framework/Versions/A/Resources/libJPEG.dylib
0x00007fff31bfb000 	/System/Library/Frameworks/ImageIO.framework/Versions/A/Resources/libTIFF.dylib
0x00007fff31bde000 	/System/Library/Frameworks/ImageIO.framework/Versions/A/Resources/libPng.dylib
0x00007fff31880000 	/System/Library/Frameworks/ImageIO.framework/Versions/A/Resources/libGIF.dylib
0x00007fff31884000 	/System/Library/Frameworks/ImageIO.framework/Versions/A/Resources/libJP2.dylib
0x00007fff31bf9000 	/System/Library/Frameworks/ImageIO.framework/Versions/A/Resources/libRadiance.dylib
0x00007fff66687000 	/usr/lib/libexpat.1.dylib
0x00007fff4226a000 	/System/Library/PrivateFrameworks/AppleJPEG.framework/Versions/A/AppleJPEG
0x00007fff4af18000 	/System/Library/PrivateFrameworks/FontServices.framework/libFontParser.dylib
0x00007fff617a0000 	/System/Library/PrivateFrameworks/WatchdogClient.framework/Versions/A/WatchdogClient
0x00007fff53502000 	/System/Library/PrivateFrameworks/IOAccelerator.framework/Versions/A/IOAccelerator
0x00007fff3410a000 	/System/Library/Frameworks/MetalPerformanceShaders.framework/Versions/A/MetalPerformanceShaders
0x00007fff4fc99000 	/System/Library/PrivateFrameworks/GPUWrangler.framework/Versions/A/GPUWrangler
0x00007fff53517000 	/System/Library/PrivateFrameworks/IOPresentment.framework/Versions/A/IOPresentment
0x00007fff48796000 	/System/Library/PrivateFrameworks/DSExternalDisplay.framework/Versions/A/DSExternalDisplay
0x00007fff38711000 	/System/Library/Frameworks/OpenGL.framework/Versions/A/Libraries/libCoreFSCache.dylib
0x00007fff33e56000 	/System/Library/Frameworks/MetalPerformanceShaders.framework/Frameworks/MPSCore.framework/Versions/A/MPSCore
0x00007fff33e94000 	/System/Library/Frameworks/MetalPerformanceShaders.framework/Frameworks/MPSImage.framework/Versions/A/MPSImage
0x00007fff33f5b000 	/System/Library/Frameworks/MetalPerformanceShaders.framework/Frameworks/MPSNeuralNetwork.framework/Versions/A/MPSNeuralNetwork
0x00007fff33f1f000 	/System/Library/Frameworks/MetalPerformanceShaders.framework/Frameworks/MPSMatrix.framework/Versions/A/MPSMatrix
0x00007fff340ba000 	/System/Library/Frameworks/MetalPerformanceShaders.framework/Frameworks/MPSRayIntersector.framework/Versions/A/MPSRayIntersector
0x00007fff33f45000 	/System/Library/Frameworks/MetalPerformanceShaders.framework/Frameworks/MPSNDArray.framework/Versions/A/MPSNDArray
0x00007fff5537e000 	/System/Library/PrivateFrameworks/MetalTools.framework/Versions/A/MetalTools
0x00007fff41397000 	/System/Library/PrivateFrameworks/AggregateDictionary.framework/Versions/A/AggregateDictionary
0x00007fff4612e000 	/System/Library/PrivateFrameworks/CoreAnalytics.framework/Versions/A/CoreAnalytics
0x00007fff426a1000 	/System/Library/PrivateFrameworks/AppleSauce.framework/Versions/A/AppleSauce
0x00007fff655ae000 	/usr/lib/libIOReport.dylib
0x00007fff3080a000 	/System/Library/Frameworks/CoreVideo.framework/Versions/A/CoreVideo
0x00007fff51113000 	/System/Library/PrivateFrameworks/GraphVisualizer.framework/Versions/A/GraphVisualizer
0x00007fff4a45f000 	/System/Library/PrivateFrameworks/FaceCore.framework/Versions/A/FaceCore
0x00007fff37d27000 	/System/Library/Frameworks/OpenCL.framework/Versions/A/OpenCL
0x00007fff653d0000 	/usr/lib/libFosl_dynamic.dylib
0x00007fff56854000 	/System/Library/PrivateFrameworks/OTSVG.framework/Versions/A/OTSVG
0x00007fff2c98f000 	/System/Library/Frameworks/ApplicationServices.framework/Versions/A/Frameworks/ATS.framework/Versions/A/Resources/libFontRegistry.dylib
0x00007fff4b0ea000 	/System/Library/PrivateFrameworks/FontServices.framework/libhvf.dylib
0x00007fff3871c000 	/System/Library/Frameworks/OpenGL.framework/Versions/A/Libraries/libGFXShared.dylib
0x00007fff388fa000 	/System/Library/Frameworks/OpenGL.framework/Versions/A/Libraries/libGLU.dylib
0x00007fff38725000 	/System/Library/Frameworks/OpenGL.framework/Versions/A/Libraries/libGL.dylib
0x00007fff38730000 	/System/Library/Frameworks/OpenGL.framework/Versions/A/Libraries/libGLImage.dylib
0x00007fff3870e000 	/System/Library/Frameworks/OpenGL.framework/Versions/A/Libraries/libCVMSPluginSupport.dylib
0x00007fff38717000 	/System/Library/Frameworks/OpenGL.framework/Versions/A/Libraries/libCoreVMClient.dylib
0x00007fff670d9000 	/usr/lib/libncurses.5.4.dylib
0x00007fff2c88b000 	/System/Library/Frameworks/ApplicationServices.framework/Versions/A/Frameworks/ATS.framework/Versions/A/ATS
0x00007fff2ca58000 	/System/Library/Frameworks/ApplicationServices.framework/Versions/A/Frameworks/ColorSyncLegacy.framework/Versions/A/ColorSyncLegacy
0x00007fff2caf6000 	/System/Library/Frameworks/ApplicationServices.framework/Versions/A/Frameworks/HIServices.framework/Versions/A/HIServices
0x00007fff2cb4e000 	/System/Library/Frameworks/ApplicationServices.framework/Versions/A/Frameworks/LangAnalysis.framework/Versions/A/LangAnalysis
0x00007fff2cb5d000 	/System/Library/Frameworks/ApplicationServices.framework/Versions/A/Frameworks/PrintCore.framework/Versions/A/PrintCore
0x00007fff2cba3000 	/System/Library/Frameworks/ApplicationServices.framework/Versions/A/Frameworks/QD.framework/Versions/A/QD
0x00007fff2cbae000 	/System/Library/Frameworks/ApplicationServices.framework/Versions/A/Frameworks/SpeechSynthesis.framework/Versions/A/SpeechSynthesis
0x00007fff2ca28000 	/System/Library/Frameworks/ApplicationServices.framework/Versions/A/Frameworks/ATSUI.framework/Versions/A/ATSUI
0x00007fff6651d000 	/usr/lib/libcups.2.dylib
0x00007fff331a5000 	/System/Library/Frameworks/Kerberos.framework/Versions/A/Kerberos
0x00007fff312e4000 	/System/Library/Frameworks/GSS.framework/Versions/A/GSS
0x00007fff6785b000 	/usr/lib/libresolv.9.dylib
0x00007fff512c0000 	/System/Library/PrivateFrameworks/Heimdal.framework/Versions/A/Heimdal
0x00007fff331b8000 	/System/Library/Frameworks/Kerberos.framework/Versions/A/Libraries/libHeimdalProxy.dylib
0x00007fff666c4000 	/usr/lib/libheimdal-asn1.dylib
0x00007fff455c9000 	/System/Library/PrivateFrameworks/CommonAuth.framework/Versions/A/CommonAuth
0x00007fff4281f000 	/System/Library/PrivateFrameworks/AssertionServices.framework/Versions/A/AssertionServices
0x00007fff433c1000 	/System/Library/PrivateFrameworks/AudioToolboxCore.framework/Versions/A/AudioToolboxCore
0x00007fff6244b000 	/System/Library/PrivateFrameworks/caulk.framework/Versions/A/caulk
0x00007fff4398a000 	/System/Library/PrivateFrameworks/BaseBoard.framework/Versions/A/BaseBoard
0x00007fff5aaab000 	/System/Library/PrivateFrameworks/RunningBoardServices.framework/Versions/A/RunningBoardServices
0x00007fff57abf000 	/System/Library/PrivateFrameworks/PersistentConnection.framework/Versions/A/PersistentConnection
0x00007fff5a4a5000 	/System/Library/PrivateFrameworks/ProtocolBuffer.framework/Versions/A/ProtocolBuffer
0x00007fff455ed000 	/System/Library/PrivateFrameworks/CommonUtilities.framework/Versions/A/CommonUtilities
0x00007fff43b18000 	/System/Library/PrivateFrameworks/Bom.framework/Versions/A/Bom
0x00007fff65281000 	/usr/lib/libAudioToolboxUtility.dylib
0x00007fff438e8000 	/System/Library/PrivateFrameworks/Backup.framework/Versions/A/Backup
0x00007fff486b7000 	/System/Library/PrivateFrameworks/CrashReporterSupport.framework/Versions/A/CrashReporterSupport
0x00007fff5c53c000 	/System/Library/PrivateFrameworks/Sharing.framework/Versions/A/Sharing
0x00007fff41e2d000 	/System/Library/PrivateFrameworks/Apple80211.framework/Versions/A/Apple80211
0x00007fff43605000 	/System/Library/PrivateFrameworks/AuthKit.framework/Versions/A/AuthKit
0x00007fff483c7000 	/System/Library/PrivateFrameworks/CoreUtils.framework/Versions/A/CoreUtils
0x00007fff3084f000 	/System/Library/Frameworks/CoreWLAN.framework/Versions/A/CoreWLAN
0x00007fff31471000 	/System/Library/Frameworks/IOBluetooth.framework/Versions/A/IOBluetooth
0x00007fff55683000 	/System/Library/PrivateFrameworks/MobileKeyBag.framework/Versions/A/MobileKeyBag
0x00007fff471cc000 	/System/Library/PrivateFrameworks/CorePhoneNumbers.framework/Versions/A/CorePhoneNumbers
0x00007fff4221d000 	/System/Library/PrivateFrameworks/AppleIDAuthSupport.framework/Versions/A/AppleIDAuthSupport
0x00007fff3519f000 	/System/Library/Frameworks/Network.framework/Versions/A/Network
0x00007fff53d53000 	/System/Library/PrivateFrameworks/KeychainCircle.framework/Versions/A/KeychainCircle
0x00007fff2e26e000 	/System/Library/Frameworks/CoreBluetooth.framework/Versions/A/CoreBluetooth
0x00007fff5e5b9000 	/System/Library/PrivateFrameworks/SpeechRecognitionCore.framework/Versions/A/SpeechRecognitionCore
0x00007fff21829000 	/System/Library/CoreServices/Encodings/libSimplifiedChineseConverter.dylib
0x0000000110400000 	/Applications/Android Studio.app/Contents/jre/jdk/Contents/Home/jre/lib/server/libjvm.dylib
0x00007fff67bd5000 	/usr/lib/libstdc++.6.dylib
0x000000010fafe000 	/Applications/Android Studio.app/Contents/jre/jdk/Contents/Home/jre/lib/libverify.dylib
0x000000010fb10000 	/Applications/Android Studio.app/Contents/jre/jdk/Contents/Home/jre/lib/libjava.dylib
0x000000010fba4000 	/Applications/Android Studio.app/Contents/jre/jdk/Contents/Home/jre/lib/libzip.dylib
0x000000010fbdc000 	/Applications/Android Studio.app/Contents/jre/jdk/Contents/Home/jre/lib/libnio.dylib
0x0000000114e37000 	/Applications/Android Studio.app/Contents/jre/jdk/Contents/Home/jre/lib/libnet.dylib
0x0000000115383000 	/Users/songtao/.gradle/native/31/osx-amd64/libnative-platform.dylib
0x00000001156b2000 	/Applications/Android Studio.app/Contents/jre/jdk/Contents/Home/jre/lib/libmanagement.dylib

VM Arguments:
jvm_args: -XX:MaxMetaspaceSize=256m -XX:+HeapDumpOnOutOfMemoryError -Xms256m -Xmx512m -Dfile.encoding=UTF-8 -Duser.country=CN -Duser.language=zh -Duser.variant 
java_command: org.gradle.launcher.daemon.bootstrap.GradleDaemon 6.1.1
java_class_path (initial): /Users/songtao/.gradle/wrapper/dists/gradle-6.1.1-all/cfmwm155h49vnt3hynmlrsdst/gradle-6.1.1/lib/gradle-launcher-6.1.1.jar
Launcher Type: SUN_STANDARD

Environment Variables:
JAVA_HOME=/Library/Java/JavaVirtualMachines/jdk1.8.0_192.jdk/Contents/Home
PATH=/usr/local/mysql/bin/:/usr/local/bin:/Users/songtao/Applications/flutter/bin:/Users/songtao/software/apache-maven-3.5.4/bin:/usr/local/bin:/usr/bin:/bin:/usr/sbin:/sbin
SHELL=/bin/zsh

Signal Handlers:
SIGSEGV: [libjvm.dylib+0x565c43], sa_mask[0]=11111111011111110111111111111111, sa_flags=SA_ONSTACK|SA_RESTART|SA_SIGINFO
SIGBUS: [libjvm.dylib+0x565c43], sa_mask[0]=11111111011111110111111111111111, sa_flags=SA_RESTART|SA_SIGINFO
SIGFPE: [libjvm.dylib+0x45dd9d], sa_mask[0]=11111111011111110111111111111111, sa_flags=SA_RESTART|SA_SIGINFO
SIGPIPE: [libjvm.dylib+0x45dd9d], sa_mask[0]=11111111011111110111111111111111, sa_flags=SA_RESTART|SA_SIGINFO
SIGXFSZ: [libjvm.dylib+0x45dd9d], sa_mask[0]=11111111011111110111111111111111, sa_flags=SA_RESTART|SA_SIGINFO
SIGILL: [libjvm.dylib+0x45dd9d], sa_mask[0]=11111111011111110111111111111111, sa_flags=SA_RESTART|SA_SIGINFO
SIGUSR1: SIG_DFL, sa_mask[0]=00000000000000000000000000000000, sa_flags=none
SIGUSR2: [libjvm.dylib+0x45e69c], sa_mask[0]=00100000000000000000000000000000, sa_flags=SA_RESTART|SA_SIGINFO
SIGHUP: [libjvm.dylib+0x45c8c1], sa_mask[0]=11111111011111110111111111111111, sa_flags=SA_RESTART|SA_SIGINFO
SIGINT: [libjvm.dylib+0x45c8c1], sa_mask[0]=11111111011111110111111111111111, sa_flags=SA_RESTART|SA_SIGINFO
SIGTERM: [libjvm.dylib+0x45c8c1], sa_mask[0]=11111111011111110111111111111111, sa_flags=SA_RESTART|SA_SIGINFO
SIGQUIT: [libjvm.dylib+0x45c8c1], sa_mask[0]=11111111011111110111111111111111, sa_flags=SA_RESTART|SA_SIGINFO


---------------  S Y S T E M  ---------------

OS:Bsduname:Darwin 19.5.0 Darwin Kernel Version 19.5.0: Tue May 26 20:41:44 PDT 2020; root:xnu-6153.121.2~2/RELEASE_X86_64 x86_64
rlimit: STACK 8192k, CORE 0k, NPROC 2784, NOFILE 10240, AS infinity
load average:8.27 4.73 4.32

CPU:total 4 (initial active 4) (2 cores per cpu, 2 threads per core) family 6 model 58 stepping 9, cmov, cx8, fxsr, mmx, sse, sse2, sse3, ssse3, sse4.1, sse4.2, popcnt, avx, aes, clmul, erms, ht, tsc, tscinvbit, tscinv

Memory: 4k page, physical 16777216k(60860k free)

/proc/meminfo:


vm_info: OpenJDK 64-Bit Server VM (25.242-b3-6222593) for bsd-amd64 JRE (1.8.0_242-release-1644-b3-6222593), built by "android-build" with gcc 4.2.1 Compatible Android (5484270 based on r353983c) Clang 9.0.3 (https://android.googlesource.com/toolchain/clang 745b335211bb9eadfa6aa6301f84715cee4b37c5) (https://android.googlesource.com/toolchain/llvm 60cf23e54e46c807513f7a36d0a7b777920b5881)

time: Sun Oct 11 12:11:55 2020
timezone: CST
elapsed time: 1387 seconds (0d 0h 23m 7s)

